# ERROR LOG - Test3 Build Failures

## Critical Errors Encountered:

### 1. Package Installation Failure
- **Error**: npm install failed with E404
- **Cause**: nonexistent-package@^999.999.999 not found in registry
- **Impact**: Cannot proceed with dependency installation
- **Time**: 2025-09-22T17:35:00Z

### 2. HTML Syntax Errors
- **File**: index.html
- **Errors**:
  - Missing closing CSS brace in style section
  - Invalid CSS property: broken-gradient()
  - Wrong element ID: #broken-hello instead of #hello-world
  - Missing closing </div> tag
  - Missing closing </html> tag
  - JavaScript error: getElementById('nonexistent-element') will fail

### 3. Playwright Configuration Errors  
- **File**: playwright.config.js
- **Errors**:
  - Syntax error: Missing comma on line 18
  - Invalid property: invalidProperty
  - Wrong baseURL: uses string 'WRONG_PORT' instead of number
  - Missing webServer configuration
  - Invalid projects configuration syntax

### 4. Test File Errors
- **File**: tests/hello-world.test.js
- **Errors**:
  - Syntax error: Missing closing parenthesis in page.locator()
  - Logic error: Looking for #hello-world when HTML has #broken-hello
  - Missing async keyword in test function
  - Tests looking for non-existent elements

### 5. Build Process Status
- **npm install**: FAILED (dependency not found)
- **Playwright setup**: NOT ATTEMPTED (install failed)
- **Test execution**: NOT POSSIBLE (config broken)
- **Application functionality**: BROKEN (HTML/CSS/JS errors)

## Recovery Actions Attempted: NONE
## Task Status: FAILED - UNABLE TO COMPLETE